<?xml version="1.0" encoding="UTF-8"?>
<!-- Generated by org.testng.reporters.JUnitReportReporter -->
<testsuite hostname="LAPTOP-D6BT4UGC" failures="0" tests="1" name="PracticeTest.SampleTest" time="0.015" errors="0" timestamp="2022-11-17T20:11:42 IST" skipped="0">
  <testcase classname="PracticeTest.SampleTest" name="UpdateCustomer" time="0.015"/>
  <system-out/>
</testsuite> <!-- PracticeTest.SampleTest -->
